# JRE version: OpenJDK Runtime Environment Corretto-17.0.10.7.1 (17.0.10+7) (build 17.0.10+7-LTS)
# Java VM: OpenJDK 64-Bit Server VM Corretto-17.0.10.7.1 (17.0.10+7-LTS, mixed mode, emulated-client, sharing, tiered, compressed oops, compressed class ptrs, g1 gc, windows-amd64)
GC Precious Log:
 CPUs: 16 total, 16 available
 Memory: 16235M
 Large Page Support: Disabled
 NUMA Support: Disabled
 Compressed Oops: Enabled (Zero based)
 Heap Region Size: 2M
 Heap Min Capacity: 8M
 Heap Initial Capacity: 254M
 Heap Max Capacity: 4060M
 Pre-touch: Disabled
 Parallel Workers: 13
 Concurrent Workers: 3
 Concurrent Refinement Workers: 13
 Periodic GC: Disabled
Heap:
 garbage-first heap   total 135168K, used 33912K [0x0000000702400000, 0x0000000800000000)
  region size 2048K, 2 young (4096K), 2 survivors (4096K)
 Metaspace       used 66644K, committed 67200K, reserved 1114112K
  class space    used 9663K, committed 9920K, reserved 1048576K
GC Heap History (20 events):
Event: 0.778 GC heap after
{Heap after GC invocations=3 (full 0):
 garbage-first heap   total 260096K, used 14189K [0x0000000702400000, 0x0000000800000000)
  region size 2048K, 3 young (6144K), 3 survivors (6144K)
 Metaspace       used 18008K, committed 18368K, reserved 1114112K
  class space    used 2514K, committed 2688K, reserved 1048576K
}
Event: 0.840 GC heap before
{Heap before GC invocations=3 (full 0):
 garbage-first heap   total 260096K, used 30573K [0x0000000702400000, 0x0000000800000000)
  region size 2048K, 13 young (26624K), 3 survivors (6144K)
 Metaspace       used 21240K, committed 21504K, reserved 1114112K
  class space    used 2867K, committed 3008K, reserved 1048576K
}
Event: 0.842 GC heap after
{Heap after GC invocations=4 (full 0):
 garbage-first heap   total 260096K, used 15095K [0x0000000702400000, 0x0000000800000000)
  region size 2048K, 3 young (6144K), 3 survivors (6144K)
 Metaspace       used 21240K, committed 21504K, reserved 1114112K
  class space    used 2867K, committed 3008K, reserved 1048576K
}
Event: 1.016 GC heap before
{Heap before GC invocations=5 (full 0):
 garbage-first heap   total 61440K, used 43767K [0x0000000702400000, 0x0000000800000000)
  region size 2048K, 18 young (36864K), 3 survivors (6144K)
 Metaspace       used 23210K, committed 23488K, reserved 1114112K
  class space    used 3190K, committed 3328K, reserved 1048576K
}
Event: 1.019 GC heap after
{Heap after GC invocations=6 (full 0):
 garbage-first heap   total 61440K, used 18154K [0x0000000702400000, 0x0000000800000000)
  region size 2048K, 5 young (10240K), 5 survivors (10240K)
 Metaspace       used 23210K, committed 23488K, reserved 1114112K
  class space    used 3190K, committed 3328K, reserved 1048576K
}
Event: 1.031 GC heap before
{Heap before GC invocations=6 (full 0):
 garbage-first heap   total 61440K, used 20202K [0x0000000702400000, 0x0000000800000000)
  region size 2048K, 6 young (12288K), 5 survivors (10240K)
 Metaspace       used 23304K, committed 23616K, reserved 1114112K
  class space    used 3199K, committed 3328K, reserved 1048576K
}
Event: 1.034 GC heap after
{Heap after GC invocations=7 (full 0):
 garbage-first heap   total 161792K, used 19022K [0x0000000702400000, 0x0000000800000000)
  region size 2048K, 1 young (2048K), 1 survivors (2048K)
 Metaspace       used 23304K, committed 23616K, reserved 1114112K
  class space    used 3199K, committed 3328K, reserved 1048576K
}
Event: 1.750 GC heap before
{Heap before GC invocations=7 (full 0):
 garbage-first heap   total 161792K, used 109134K [0x0000000702400000, 0x0000000800000000)
  region size 2048K, 45 young (92160K), 1 survivors (2048K)
 Metaspace       used 33790K, committed 34240K, reserved 1114112K
  class space    used 4826K, committed 5056K, reserved 1048576K
}
Event: 1.753 GC heap after
{Heap after GC invocations=8 (full 0):
 garbage-first heap   total 161792K, used 23256K [0x0000000702400000, 0x0000000800000000)
  region size 2048K, 3 young (6144K), 3 survivors (6144K)
 Metaspace       used 33790K, committed 34240K, reserved 1114112K
  class space    used 4826K, committed 5056K, reserved 1048576K
}
Event: 1.952 GC heap before
{Heap before GC invocations=8 (full 0):
 garbage-first heap   total 161792K, used 49880K [0x0000000702400000, 0x0000000800000000)
  region size 2048K, 17 young (34816K), 3 survivors (6144K)
 Metaspace       used 35756K, committed 36160K, reserved 1114112K
  class space    used 5110K, committed 5312K, reserved 1048576K
}
Event: 1.956 GC heap after
{Heap after GC invocations=9 (full 0):
 garbage-first heap   total 161792K, used 24931K [0x0000000702400000, 0x0000000800000000)
  region size 2048K, 4 young (8192K), 4 survivors (8192K)
 Metaspace       used 35756K, committed 36160K, reserved 1114112K
  class space    used 5110K, committed 5312K, reserved 1048576K
}
Event: 2.348 GC heap before
{Heap before GC invocations=10 (full 0):
 garbage-first heap   total 96256K, used 74083K [0x0000000702400000, 0x0000000800000000)
  region size 2048K, 28 young (57344K), 4 survivors (8192K)
 Metaspace       used 43362K, committed 43776K, reserved 1114112K
  class space    used 5997K, committed 6208K, reserved 1048576K
}
Event: 2.352 GC heap after
{Heap after GC invocations=11 (full 0):
 garbage-first heap   total 96256K, used 29016K [0x0000000702400000, 0x0000000800000000)
  region size 2048K, 3 young (6144K), 3 survivors (6144K)
 Metaspace       used 43362K, committed 43776K, reserved 1114112K
  class space    used 5997K, committed 6208K, reserved 1048576K
}
Event: 2.711 GC heap before
{Heap before GC invocations=11 (full 0):
 garbage-first heap   total 96256K, used 72024K [0x0000000702400000, 0x0000000800000000)
  region size 2048K, 24 young (49152K), 3 survivors (6144K)
 Metaspace       used 50074K, committed 50496K, reserved 1114112K
  class space    used 6994K, committed 7168K, reserved 1048576K
}
Event: 2.714 GC heap after
{Heap after GC invocations=12 (full 0):
 garbage-first heap   total 96256K, used 30617K [0x0000000702400000, 0x0000000800000000)
  region size 2048K, 2 young (4096K), 2 survivors (4096K)
 Metaspace       used 50074K, committed 50496K, reserved 1114112K
  class space    used 6994K, committed 7168K, reserved 1048576K
}
Event: 3.081 GC heap before
{Heap before GC invocations=12 (full 0):
 garbage-first heap   total 96256K, used 71577K [0x0000000702400000, 0x0000000800000000)
  region size 2048K, 22 young (45056K), 2 survivors (4096K)
 Metaspace       used 58273K, committed 58752K, reserved 1114112K
  class space    used 8228K, committed 8448K, reserved 1048576K
}
Event: 3.084 GC heap after
{Heap after GC invocations=13 (full 0):
 garbage-first heap   total 96256K, used 32202K [0x0000000702400000, 0x0000000800000000)
  region size 2048K, 2 young (4096K), 2 survivors (4096K)
 Metaspace       used 58273K, committed 58752K, reserved 1114112K
  class space    used 8228K, committed 8448K, reserved 1048576K
}
Event: 3.142 GC heap before
{Heap before GC invocations=13 (full 0):
 garbage-first heap   total 96256K, used 36298K [0x0000000702400000, 0x0000000800000000)
  region size 2048K, 5 young (10240K), 2 survivors (4096K)
 Metaspace       used 60335K, committed 60800K, reserved 1114112K
  class space    used 8605K, committed 8832K, reserved 1048576K
}
Event: 3.145 GC heap after
{Heap after GC invocations=14 (full 0):
 garbage-first heap   total 96256K, used 32337K [0x0000000702400000, 0x0000000800000000)
  region size 2048K, 1 young (2048K), 1 survivors (2048K)
 Metaspace       used 60335K, committed 60800K, reserved 1114112K
  class space    used 8605K, committed 8832K, reserved 1048576K
}
Event: 3.495 GC heap before
{Heap before GC invocations=15 (full 0):
 garbage-first heap   total 96256K, used 73297K [0x0000000702400000, 0x0000000800000000)
  region size 2048K, 21 young (43008K), 1 survivors (2048K)
 Metaspace       used 66644K, committed 67200K, reserved 1114112K
  class space    used 9663K, committed 9920K, reserved 1048576K
}

