# JRE version: OpenJDK Runtime Environment Corretto-17.0.10.7.1 (17.0.10+7) (build 17.0.10+7-LTS)
# Java VM: OpenJDK 64-Bit Server VM Corretto-17.0.10.7.1 (17.0.10+7-LTS, mixed mode, emulated-client, sharing, tiered, compressed oops, compressed class ptrs, g1 gc, windows-amd64)
GC Precious Log:
 CPUs: 16 total, 16 available
 Memory: 16235M
 Large Page Support: Disabled
 NUMA Support: Disabled
 Compressed Oops: Enabled (Zero based)
 Heap Region Size: 2M
 Heap Min Capacity: 8M
 Heap Initial Capacity: 254M
 Heap Max Capacity: 4060M
 Pre-touch: Disabled
 Parallel Workers: 13
 Concurrent Workers: 3
 Concurrent Refinement Workers: 13
 Periodic GC: Disabled
Heap:
 garbage-first heap   total 122880K, used 57541K [0x0000000702400000, 0x0000000800000000)
  region size 2048K, 3 young (6144K), 3 survivors (6144K)
 Metaspace       used 90888K, committed 91584K, reserved 1179648K
  class space    used 12814K, committed 13184K, reserved 1048576K
GC Heap History (20 events):
Event: 3.614 GC heap after
{Heap after GC invocations=17 (full 0):
 garbage-first heap   total 102400K, used 34757K [0x0000000702400000, 0x0000000800000000)
  region size 2048K, 3 young (6144K), 3 survivors (6144K)
 Metaspace       used 67285K, committed 67840K, reserved 1114112K
  class space    used 9714K, committed 9984K, reserved 1048576K
}
Event: 3.873 GC heap before
{Heap before GC invocations=17 (full 0):
 garbage-first heap   total 102400K, used 81861K [0x0000000702400000, 0x0000000800000000)
  region size 2048K, 26 young (53248K), 3 survivors (6144K)
 Metaspace       used 69908K, committed 70528K, reserved 1114112K
  class space    used 10073K, committed 10368K, reserved 1048576K
}
Event: 3.877 GC heap after
{Heap after GC invocations=18 (full 0):
 garbage-first heap   total 102400K, used 37310K [0x0000000702400000, 0x0000000800000000)
  region size 2048K, 4 young (8192K), 4 survivors (8192K)
 Metaspace       used 69908K, committed 70528K, reserved 1114112K
  class space    used 10073K, committed 10368K, reserved 1048576K
}
Event: 4.017 GC heap before
{Heap before GC invocations=18 (full 0):
 garbage-first heap   total 102400K, used 61886K [0x0000000702400000, 0x0000000800000000)
  region size 2048K, 17 young (34816K), 4 survivors (8192K)
 Metaspace       used 70995K, committed 71616K, reserved 1114112K
  class space    used 10254K, committed 10560K, reserved 1048576K
}
Event: 4.022 GC heap after
{Heap after GC invocations=19 (full 0):
 garbage-first heap   total 102400K, used 38783K [0x0000000702400000, 0x0000000800000000)
  region size 2048K, 3 young (6144K), 3 survivors (6144K)
 Metaspace       used 70995K, committed 71616K, reserved 1114112K
  class space    used 10254K, committed 10560K, reserved 1048576K
}
Event: 4.232 GC heap before
{Heap before GC invocations=20 (full 0):
 garbage-first heap   total 102400K, used 79743K [0x0000000702400000, 0x0000000800000000)
  region size 2048K, 23 young (47104K), 3 survivors (6144K)
 Metaspace       used 73150K, committed 73728K, reserved 1114112K
  class space    used 10574K, committed 10880K, reserved 1048576K
}
Event: 4.235 GC heap after
{Heap after GC invocations=21 (full 0):
 garbage-first heap   total 102400K, used 41021K [0x0000000702400000, 0x0000000800000000)
  region size 2048K, 2 young (4096K), 2 survivors (4096K)
 Metaspace       used 73150K, committed 73728K, reserved 1114112K
  class space    used 10574K, committed 10880K, reserved 1048576K
}
Event: 4.415 GC heap before
{Heap before GC invocations=21 (full 0):
 garbage-first heap   total 102400K, used 81981K [0x0000000702400000, 0x0000000800000000)
  region size 2048K, 22 young (45056K), 2 survivors (4096K)
 Metaspace       used 74364K, committed 74944K, reserved 1114112K
  class space    used 10718K, committed 11008K, reserved 1048576K
}
Event: 4.418 GC heap after
{Heap after GC invocations=22 (full 0):
 garbage-first heap   total 102400K, used 43026K [0x0000000702400000, 0x0000000800000000)
  region size 2048K, 3 young (6144K), 3 survivors (6144K)
 Metaspace       used 74364K, committed 74944K, reserved 1114112K
  class space    used 10718K, committed 11008K, reserved 1048576K
}
Event: 4.554 GC heap before
{Heap before GC invocations=22 (full 0):
 garbage-first heap   total 102400K, used 81938K [0x0000000702400000, 0x0000000800000000)
  region size 2048K, 22 young (45056K), 3 survivors (6144K)
 Metaspace       used 74730K, committed 75328K, reserved 1114112K
  class space    used 10783K, committed 11072K, reserved 1048576K
}
Event: 4.558 GC heap after
{Heap after GC invocations=23 (full 0):
 garbage-first heap   total 102400K, used 45360K [0x0000000702400000, 0x0000000800000000)
  region size 2048K, 3 young (6144K), 3 survivors (6144K)
 Metaspace       used 74730K, committed 75328K, reserved 1114112K
  class space    used 10783K, committed 11072K, reserved 1048576K
}
Event: 4.742 GC heap before
{Heap before GC invocations=23 (full 0):
 garbage-first heap   total 102400K, used 82224K [0x0000000702400000, 0x0000000800000000)
  region size 2048K, 21 young (43008K), 3 survivors (6144K)
 Metaspace       used 76042K, committed 76672K, reserved 1179648K
  class space    used 10960K, committed 11264K, reserved 1048576K
}
Event: 4.745 GC heap after
{Heap after GC invocations=24 (full 0):
 garbage-first heap   total 122880K, used 47372K [0x0000000702400000, 0x0000000800000000)
  region size 2048K, 3 young (6144K), 3 survivors (6144K)
 Metaspace       used 76042K, committed 76672K, reserved 1179648K
  class space    used 10960K, committed 11264K, reserved 1048576K
}
Event: 4.973 GC heap before
{Heap before GC invocations=24 (full 0):
 garbage-first heap   total 122880K, used 98572K [0x0000000702400000, 0x0000000800000000)
  region size 2048K, 28 young (57344K), 3 survivors (6144K)
 Metaspace       used 76986K, committed 77632K, reserved 1179648K
  class space    used 11129K, committed 11456K, reserved 1048576K
}
Event: 4.977 GC heap after
{Heap after GC invocations=25 (full 0):
 garbage-first heap   total 122880K, used 49786K [0x0000000702400000, 0x0000000800000000)
  region size 2048K, 3 young (6144K), 3 survivors (6144K)
 Metaspace       used 76986K, committed 77632K, reserved 1179648K
  class space    used 11129K, committed 11456K, reserved 1048576K
}
Event: 5.160 GC heap before
{Heap before GC invocations=25 (full 0):
 garbage-first heap   total 122880K, used 98938K [0x0000000702400000, 0x0000000800000000)
  region size 2048K, 27 young (55296K), 3 survivors (6144K)
 Metaspace       used 77900K, committed 78464K, reserved 1179648K
  class space    used 11265K, committed 11520K, reserved 1048576K
}
Event: 5.163 GC heap after
{Heap after GC invocations=26 (full 0):
 garbage-first heap   total 122880K, used 52546K [0x0000000702400000, 0x0000000800000000)
  region size 2048K, 3 young (6144K), 3 survivors (6144K)
 Metaspace       used 77900K, committed 78464K, reserved 1179648K
  class space    used 11265K, committed 11520K, reserved 1048576K
}
Event: 5.442 GC heap before
{Heap before GC invocations=26 (full 0):
 garbage-first heap   total 122880K, used 99650K [0x0000000702400000, 0x0000000800000000)
  region size 2048K, 26 young (53248K), 3 survivors (6144K)
 Metaspace       used 82543K, committed 83200K, reserved 1179648K
  class space    used 11913K, committed 12224K, reserved 1048576K
}
Event: 5.448 GC heap after
{Heap after GC invocations=27 (full 0):
 garbage-first heap   total 122880K, used 54715K [0x0000000702400000, 0x0000000800000000)
  region size 2048K, 3 young (6144K), 3 survivors (6144K)
 Metaspace       used 82543K, committed 83200K, reserved 1179648K
  class space    used 11913K, committed 12224K, reserved 1048576K
}
Event: 5.884 GC heap before
{Heap before GC invocations=27 (full 0):
 garbage-first heap   total 122880K, used 97723K [0x0000000702400000, 0x0000000800000000)
  region size 2048K, 25 young (51200K), 3 survivors (6144K)
 Metaspace       used 90888K, committed 91584K, reserved 1179648K
  class space    used 12814K, committed 13184K, reserved 1048576K
}

